Arguments: 
  C:\Program Files\nodejs\node.exe C:\Users\vgabrielsant\AppData\Roaming\npm\node_modules\yarn\bin\yarn.js add --dev jest

PATH: 
  C:\Program Files\Java\zulu17.32.13-ca-jdk17.0.2-win_x64\bin;C:\windows\system32;C:\windows;C:\windows\System32\Wbem;C:\windows\System32\WindowsPowerShell\v1.0\;C:\windows\System32\OpenSSH\;C:\Program Files (x86)\Symantec\VIP Access Client\;C:\Program Files (x86)\Pulse Secure\VC142.CRT\X64\;C:\Program Files (x86)\Pulse Secure\VC142.CRT\X86\;C:\Program Files\dotnet\;C:\Program Files\Microsoft SQL Server\130\Tools\Binn\;C:\Program Files\Git\cmd;C:\Program Files (x86)\dotnet\;C:\ProgramData\chocolatey\bin;C:\Program Files\nodejs\;C:\Program Files (x86)\Common Files\Pulse Secure\TNC Client Plugin\;C:\Program Files (x86)\HP\Common\HPDestPlgIn\;C:\Users\vgabrielsant\AppData\Local\Microsoft\WindowsApps;C:\Users\vgabrielsant\AppData\Local\Programs\Microsoft VS Code\bin;C:\Users\vgabrielsant\.dotnet\tools;C:\Users\vgabrielsant\AppData\Roaming\npm;C:\Program Files (x86)\HP\Common\HPDestPlgIn\

Yarn version: 
  1.22.19

Node version: 
  16.13.0

Platform: 
  win32 x64

Trace: 
  Error: unable to get local issuer certificate
      at TLSSocket.onConnectSecure (node:_tls_wrap:1530:34)
      at TLSSocket.emit (node:events:390:28)
      at TLSSocket._finishInit (node:_tls_wrap:944:8)
      at TLSWrap.ssl.onhandshakedone (node:_tls_wrap:725:12)

npm manifest: 
  {
    "name": "cloudbe",
    "version": "1.0.0",
    "main": "node_modules/expo/AppEntry.js",
    "scripts": {
      "start": "expo start",
      "android": "expo start --android",
      "ios": "expo start --ios",
      "web": "expo start --web",
      "eject": "expo eject"
    },
    "dependencies": {
      "@types/styled-components": "^5.1.25",
      "axios": "^0.27.2",
      "expo": "~45.0.0",
      "expo-status-bar": "~1.3.0",
      "react": "17.0.2",
      "react-dom": "17.0.2",
      "react-native": "0.68.2",
      "react-native-paper": "^4.12.2",
      "react-native-safe-area-context": "^4.3.1",
      "react-native-web": "0.17.7"
    },
    "devDependencies": {
      "@babel/core": "^7.12.9",
      "@types/react": "~17.0.21",
      "@types/react-native": "~0.66.13",
      "typescript": "~4.3.5"
    },
    "private": true
  }

yarn manifest: 
  No manifest

Lockfile: 
  No lockfile
